mode: set
github.com/gokins/gokins/engine/buildDao.go:19.47,20.18 1 1
github.com/gokins/gokins/engine/buildDao.go:20.18,22.3 1 1
github.com/gokins/gokins/engine/buildDao.go:23.2,23.17 1 1
github.com/gokins/gokins/engine/buildDao.go:26.55,41.16 5 1
github.com/gokins/gokins/engine/buildDao.go:41.16,43.3 1 0
github.com/gokins/gokins/engine/buildDao.go:45.2,45.40 1 0
github.com/gokins/gokins/engine/buildDao.go:45.40,47.3 1 0
github.com/gokins/gokins/engine/buildDao.go:48.2,56.16 3 0
github.com/gokins/gokins/engine/buildDao.go:56.16,58.3 1 0
github.com/gokins/gokins/engine/buildDao.go:59.2,67.16 3 0
github.com/gokins/gokins/engine/buildDao.go:67.16,69.3 1 0
github.com/gokins/gokins/engine/buildDao.go:70.2,77.16 3 0
github.com/gokins/gokins/engine/buildDao.go:77.16,79.3 1 0
github.com/gokins/gokins/engine/buildDao.go:81.55,95.16 5 0
github.com/gokins/gokins/engine/buildDao.go:95.16,97.3 1 0
github.com/gokins/gokins/engine/buildDao.go:99.2,99.40 1 0
github.com/gokins/gokins/engine/buildDao.go:99.40,101.3 1 0
github.com/gokins/gokins/engine/buildDao.go:102.2,110.16 3 0
github.com/gokins/gokins/engine/buildDao.go:110.16,112.3 1 0
github.com/gokins/gokins/engine/buildDao.go:114.46,132.16 7 1
github.com/gokins/gokins/engine/buildDao.go:132.16,134.3 1 0
github.com/gokins/gokins/engine/buildDao.go:136.2,136.40 1 0
github.com/gokins/gokins/engine/buildDao.go:136.40,138.3 1 0
github.com/gokins/gokins/engine/buildDao.go:139.2,146.16 3 0
github.com/gokins/gokins/engine/buildDao.go:146.16,148.3 1 0
github.com/gokins/gokins/engine/buildDao.go:150.49,162.20 7 1
github.com/gokins/gokins/engine/buildDao.go:163.33,165.33 2 1
github.com/gokins/gokins/engine/buildDao.go:166.10,168.34 2 1
github.com/gokins/gokins/engine/buildDao.go:170.2,171.16 2 1
github.com/gokins/gokins/engine/buildDao.go:171.16,173.3 1 0
github.com/gokins/gokins/engine/buildEgn.go:24.38,25.34 1 0
github.com/gokins/gokins/engine/buildEgn.go:25.34,27.3 1 0
github.com/gokins/gokins/engine/buildEgn.go:28.2,32.12 2 0
github.com/gokins/gokins/engine/buildEgn.go:32.12,35.34 3 0
github.com/gokins/gokins/engine/buildEgn.go:35.34,38.4 2 0
github.com/gokins/gokins/engine/buildEgn.go:40.2,40.10 1 0
github.com/gokins/gokins/engine/buildEgn.go:42.30,45.28 3 1
github.com/gokins/gokins/engine/buildEgn.go:45.28,47.3 1 1
github.com/gokins/gokins/engine/buildEgn.go:49.30,54.16 2 0
github.com/gokins/gokins/engine/buildEgn.go:54.16,56.3 1 0
github.com/gokins/gokins/engine/buildEgn.go:57.2,60.16 1 0
github.com/gokins/gokins/engine/buildEgn.go:60.16,62.3 1 0
github.com/gokins/gokins/engine/buildEgn.go:63.2,66.16 1 0
github.com/gokins/gokins/engine/buildEgn.go:66.16,68.3 1 0
github.com/gokins/gokins/engine/buildEgn.go:69.2,72.16 1 0
github.com/gokins/gokins/engine/buildEgn.go:72.16,74.3 1 0
github.com/gokins/gokins/engine/buildEgn.go:77.29,86.47 8 0
github.com/gokins/gokins/engine/buildEgn.go:86.47,90.15 4 0
github.com/gokins/gokins/engine/buildEgn.go:90.15,92.4 1 0
github.com/gokins/gokins/engine/buildEgn.go:93.3,100.26 8 0
github.com/gokins/gokins/engine/buildEgn.go:100.26,103.4 2 0
github.com/gokins/gokins/engine/buildEgn.go:106.48,111.2 4 0
github.com/gokins/gokins/engine/buildEgn.go:112.46,116.2 3 1
github.com/gokins/gokins/engine/buildEgn.go:117.62,118.31 1 1
github.com/gokins/gokins/engine/buildEgn.go:118.31,120.3 1 1
github.com/gokins/gokins/engine/buildEgn.go:121.2,124.14 4 1
github.com/gokins/gokins/engine/buildTask.go:31.64,36.20 5 1
github.com/gokins/gokins/engine/buildTask.go:36.20,38.3 1 1
github.com/gokins/gokins/engine/buildTask.go:65.64,70.20 5 1
github.com/gokins/gokins/engine/buildTask.go:70.20,72.3 1 1
github.com/gokins/gokins/engine/buildTask.go:75.67,78.2 2 1
github.com/gokins/gokins/engine/buildTask.go:80.34,81.18 1 1
github.com/gokins/gokins/engine/buildTask.go:81.18,83.3 1 1
github.com/gokins/gokins/engine/buildTask.go:84.2,84.31 1 1
github.com/gokins/gokins/engine/buildTask.go:86.28,88.19 2 1
github.com/gokins/gokins/engine/buildTask.go:88.19,90.3 1 1
github.com/gokins/gokins/engine/buildTask.go:92.30,94.19 2 1
github.com/gokins/gokins/engine/buildTask.go:94.19,96.3 1 1
github.com/gokins/gokins/engine/buildTask.go:98.30,101.15 2 1
github.com/gokins/gokins/engine/buildTask.go:101.15,103.3 1 1
github.com/gokins/gokins/engine/buildTask.go:104.2,104.27 1 1
github.com/gokins/gokins/engine/buildTask.go:104.27,107.3 2 1
github.com/gokins/gokins/engine/buildTask.go:109.27,112.15 2 1
github.com/gokins/gokins/engine/buildTask.go:112.15,117.3 4 1
github.com/gokins/gokins/engine/buildTask.go:119.2,122.16 4 1
github.com/gokins/gokins/engine/buildTask.go:122.16,125.3 2 1
github.com/gokins/gokins/engine/buildTask.go:127.2,133.16 6 1
github.com/gokins/gokins/engine/buildTask.go:133.16,136.3 2 1
github.com/gokins/gokins/engine/buildTask.go:137.2,140.16 4 0
github.com/gokins/gokins/engine/buildTask.go:140.16,144.3 3 0
github.com/gokins/gokins/engine/buildTask.go:145.2,146.35 2 0
github.com/gokins/gokins/engine/buildTask.go:146.35,148.29 2 0
github.com/gokins/gokins/engine/buildTask.go:148.29,150.4 1 0
github.com/gokins/gokins/engine/buildTask.go:152.2,155.35 4 0
github.com/gokins/gokins/engine/buildTask.go:155.35,157.39 2 0
github.com/gokins/gokins/engine/buildTask.go:157.39,160.4 2 0
github.com/gokins/gokins/engine/buildTask.go:162.2,162.39 1 0
github.com/gokins/gokins/engine/buildTask.go:164.52,165.15 1 0
github.com/gokins/gokins/engine/buildTask.go:165.15,170.3 4 0
github.com/gokins/gokins/engine/buildTask.go:171.2,177.9 7 0
github.com/gokins/gokins/engine/buildTask.go:177.9,180.3 2 0
github.com/gokins/gokins/engine/buildTask.go:182.2,183.32 2 0
github.com/gokins/gokins/engine/buildTask.go:183.32,187.10 4 0
github.com/gokins/gokins/engine/buildTask.go:187.10,189.9 2 0
github.com/gokins/gokins/engine/buildTask.go:191.3,192.37 2 0
github.com/gokins/gokins/engine/buildTask.go:192.37,195.4 2 0
github.com/gokins/gokins/engine/buildTask.go:197.2,199.29 3 0
github.com/gokins/gokins/engine/buildTask.go:199.29,205.48 6 0
github.com/gokins/gokins/engine/buildTask.go:205.48,208.4 2 0
github.com/gokins/gokins/engine/buildTask.go:208.9,208.48 1 0
github.com/gokins/gokins/engine/buildTask.go:208.48,211.4 2 0
github.com/gokins/gokins/engine/buildTask.go:214.2,214.37 1 0
github.com/gokins/gokins/engine/buildTask.go:216.61,218.15 2 0
github.com/gokins/gokins/engine/buildTask.go:218.15,223.3 4 0
github.com/gokins/gokins/engine/buildTask.go:225.2,228.22 4 0
github.com/gokins/gokins/engine/buildTask.go:228.22,230.29 2 0
github.com/gokins/gokins/engine/buildTask.go:230.29,231.15 1 0
github.com/gokins/gokins/engine/buildTask.go:231.15,232.13 1 0
github.com/gokins/gokins/engine/buildTask.go:234.4,237.11 4 0
github.com/gokins/gokins/engine/buildTask.go:237.11,240.5 2 0
github.com/gokins/gokins/engine/buildTask.go:241.4,241.36 1 0
github.com/gokins/gokins/engine/buildTask.go:241.36,244.5 2 0
github.com/gokins/gokins/engine/buildTask.go:245.4,245.22 1 0
github.com/gokins/gokins/engine/buildTask.go:249.3,249.31 1 0
github.com/gokins/gokins/engine/buildTask.go:249.31,251.17 2 0
github.com/gokins/gokins/engine/buildTask.go:251.17,254.5 2 0
github.com/gokins/gokins/engine/buildTask.go:255.4,256.25 2 0
github.com/gokins/gokins/engine/buildTask.go:256.25,260.19 4 0
github.com/gokins/gokins/engine/buildTask.go:261.31,262.14 1 0
github.com/gokins/gokins/engine/buildTask.go:263.35,265.12 2 0
github.com/gokins/gokins/engine/buildTask.go:266.34,267.26 1 0
github.com/gokins/gokins/engine/buildTask.go:267.26,269.7 1 0
github.com/gokins/gokins/engine/buildTask.go:269.12,272.7 2 0
github.com/gokins/gokins/engine/buildTask.go:275.4,275.19 1 0
github.com/gokins/gokins/engine/buildTask.go:275.19,276.10 1 0
github.com/gokins/gokins/engine/buildTask.go:281.2,288.16 8 0
github.com/gokins/gokins/engine/buildTask.go:288.16,291.3 2 0
github.com/gokins/gokins/engine/buildTask.go:292.2,295.30 2 0
github.com/gokins/gokins/engine/buildTask.go:295.30,299.37 4 0
github.com/gokins/gokins/engine/buildTask.go:299.37,300.9 1 0
github.com/gokins/gokins/engine/buildTask.go:302.3,302.57 1 0
github.com/gokins/gokins/engine/buildTask.go:302.57,304.9 2 0
github.com/gokins/gokins/engine/buildTask.go:306.3,306.36 1 0
github.com/gokins/gokins/engine/buildTask.go:310.37,311.16 1 1
github.com/gokins/gokins/engine/buildTask.go:311.16,313.3 1 1
github.com/gokins/gokins/engine/buildTask.go:314.2,314.55 1 1
github.com/gokins/gokins/engine/buildTask.go:314.55,316.3 1 0
github.com/gokins/gokins/engine/buildTask.go:317.2,317.22 1 1
github.com/gokins/gokins/engine/buildTask.go:317.22,319.17 2 1
github.com/gokins/gokins/engine/buildTask.go:319.17,321.4 1 1
github.com/gokins/gokins/engine/buildTask.go:323.2,323.12 1 1
github.com/gokins/gokins/engine/buildTask.go:328.58,332.40 4 1
github.com/gokins/gokins/engine/buildTask.go:332.40,334.20 2 1
github.com/gokins/gokins/engine/buildTask.go:334.20,336.18 2 1
github.com/gokins/gokins/engine/buildTask.go:336.18,338.5 1 1
github.com/gokins/gokins/engine/buildTask.go:341.2,342.16 2 1
github.com/gokins/gokins/engine/buildTask.go:344.101,350.22 2 1
github.com/gokins/gokins/engine/buildTask.go:350.22,351.22 1 1
github.com/gokins/gokins/engine/buildTask.go:351.22,356.4 1 0
github.com/gokins/gokins/engine/buildTask.go:356.9,360.4 1 1
github.com/gokins/gokins/engine/buildTask.go:362.2,362.50 1 1
github.com/gokins/gokins/engine/buildTask.go:362.50,365.3 2 0
github.com/gokins/gokins/engine/buildTask.go:366.2,368.16 3 1
github.com/gokins/gokins/engine/buildTask.go:368.16,370.3 1 1
github.com/gokins/gokins/engine/buildTask.go:371.2,371.31 1 0
github.com/gokins/gokins/engine/buildTask.go:371.31,373.17 2 0
github.com/gokins/gokins/engine/buildTask.go:373.17,375.4 1 0
github.com/gokins/gokins/engine/buildTask.go:377.2,377.12 1 0
github.com/gokins/gokins/engine/buildTask.go:380.70,381.30 1 1
github.com/gokins/gokins/engine/buildTask.go:381.30,383.3 1 1
github.com/gokins/gokins/engine/buildTask.go:384.2,389.22 6 1
github.com/gokins/gokins/engine/buildTask.go:391.58,392.16 1 1
github.com/gokins/gokins/engine/buildTask.go:392.16,394.3 1 1
github.com/gokins/gokins/engine/buildTask.go:395.2,397.12 3 1
github.com/gokins/gokins/engine/buildTask.go:398.9,400.27 2 1
github.com/gokins/gokins/engine/buildTask.go:401.9,403.16 2 1
github.com/gokins/gokins/engine/buildTask.go:403.16,406.4 2 1
github.com/gokins/gokins/engine/buildTask.go:407.3,407.28 1 1
github.com/gokins/gokins/engine/buildTask.go:408.9,411.28 3 1
github.com/gokins/gokins/engine/buildTask.go:412.10,415.28 3 1
github.com/gokins/gokins/engine/buildTask.go:416.10,417.9 1 1
github.com/gokins/gokins/engine/buildTask.go:419.2,419.25 1 1
github.com/gokins/gokins/engine/buildTask.go:421.40,423.2 1 1
github.com/gokins/gokins/engine/buildTask.go:424.55,425.15 1 1
github.com/gokins/gokins/engine/buildTask.go:425.15,427.3 1 1
github.com/gokins/gokins/engine/buildTask.go:428.2,441.35 4 1
github.com/gokins/gokins/engine/buildTask.go:441.35,445.10 4 1
github.com/gokins/gokins/engine/buildTask.go:445.10,446.12 1 1
github.com/gokins/gokins/engine/buildTask.go:448.3,463.30 5 1
github.com/gokins/gokins/engine/buildTask.go:463.30,467.11 4 1
github.com/gokins/gokins/engine/buildTask.go:467.11,468.13 1 0
github.com/gokins/gokins/engine/buildTask.go:470.4,484.34 4 1
github.com/gokins/gokins/engine/buildTask.go:484.34,491.5 1 1
github.com/gokins/gokins/engine/buildTask.go:492.4,492.17 1 1
github.com/gokins/gokins/engine/buildTask.go:495.2,495.19 1 1
github.com/gokins/gokins/engine/buildTask.go:498.56,499.14 1 1
github.com/gokins/gokins/engine/buildTask.go:499.14,501.3 1 1
github.com/gokins/gokins/engine/buildTask.go:502.2,505.16 4 1
github.com/gokins/gokins/engine/buildTaskc.go:19.34,20.25 1 1
github.com/gokins/gokins/engine/buildTaskc.go:20.25,23.3 2 1
github.com/gokins/gokins/engine/buildTaskc.go:28.2,29.33 2 1
github.com/gokins/gokins/engine/buildTaskc.go:29.33,32.30 3 1
github.com/gokins/gokins/engine/buildTaskc.go:32.30,35.4 2 1
github.com/gokins/gokins/engine/buildTaskc.go:42.2,42.30 1 1
github.com/gokins/gokins/engine/buildTaskc.go:42.30,46.3 3 1
github.com/gokins/gokins/engine/buildTaskc.go:47.2,48.35 2 1
github.com/gokins/gokins/engine/buildTaskc.go:48.35,49.30 1 1
github.com/gokins/gokins/engine/buildTaskc.go:49.30,53.4 3 1
github.com/gokins/gokins/engine/buildTaskc.go:54.3,54.19 1 1
github.com/gokins/gokins/engine/buildTaskc.go:54.19,58.4 3 1
github.com/gokins/gokins/engine/buildTaskc.go:59.3,59.24 1 1
github.com/gokins/gokins/engine/buildTaskc.go:59.24,63.4 3 1
github.com/gokins/gokins/engine/buildTaskc.go:64.3,64.34 1 1
github.com/gokins/gokins/engine/buildTaskc.go:64.34,68.4 3 0
github.com/gokins/gokins/engine/buildTaskc.go:69.3,74.29 3 1
github.com/gokins/gokins/engine/buildTaskc.go:74.29,75.31 1 1
github.com/gokins/gokins/engine/buildTaskc.go:75.31,79.5 3 1
github.com/gokins/gokins/engine/buildTaskc.go:80.4,80.25 1 1
github.com/gokins/gokins/engine/buildTaskc.go:80.25,84.5 3 1
github.com/gokins/gokins/engine/buildTaskc.go:85.4,86.20 2 1
github.com/gokins/gokins/engine/buildTaskc.go:86.20,90.5 3 1
github.com/gokins/gokins/engine/buildTaskc.go:91.4,91.20 1 1
github.com/gokins/gokins/engine/buildTaskc.go:91.20,95.5 3 1
github.com/gokins/gokins/engine/buildTaskc.go:96.4,96.36 1 1
github.com/gokins/gokins/engine/buildTaskc.go:96.36,100.5 3 0
github.com/gokins/gokins/engine/buildTaskc.go:101.4,107.18 3 1
github.com/gokins/gokins/engine/buildTaskc.go:107.18,111.5 3 1
github.com/gokins/gokins/engine/buildTaskc.go:112.4,117.20 6 0
github.com/gokins/gokins/engine/buildTaskc.go:131.2,131.27 1 0
github.com/gokins/gokins/engine/buildTaskc.go:131.27,133.3 1 0
github.com/gokins/gokins/engine/buildTaskc.go:134.2,134.13 1 0
github.com/gokins/gokins/engine/buildTaskc.go:137.81,154.36 3 1
github.com/gokins/gokins/engine/buildTaskc.go:154.36,156.3 1 1
github.com/gokins/gokins/engine/buildTaskc.go:157.2,158.32 2 1
github.com/gokins/gokins/engine/buildTaskc.go:158.32,161.3 2 1
github.com/gokins/gokins/engine/buildTaskc.go:162.2,162.41 1 1
github.com/gokins/gokins/engine/buildTaskc.go:163.14,164.27 1 1
github.com/gokins/gokins/engine/buildTaskc.go:165.13,166.30 1 1
github.com/gokins/gokins/engine/buildTaskc.go:167.16,169.25 2 1
github.com/gokins/gokins/engine/buildTaskc.go:169.25,171.4 1 1
github.com/gokins/gokins/engine/buildTaskc.go:172.3,172.29 1 1
github.com/gokins/gokins/engine/buildTaskc.go:176.2,176.16 1 1
github.com/gokins/gokins/engine/buildTaskc.go:176.16,178.3 1 0
github.com/gokins/gokins/engine/buildTaskc.go:182.2,183.35 2 1
github.com/gokins/gokins/engine/buildTaskc.go:183.35,199.26 4 1
github.com/gokins/gokins/engine/buildTaskc.go:199.26,201.15 2 0
github.com/gokins/gokins/engine/buildTaskc.go:201.15,202.13 1 0
github.com/gokins/gokins/engine/buildTaskc.go:204.4,207.10 4 0
github.com/gokins/gokins/engine/buildTaskc.go:207.10,210.5 2 0
github.com/gokins/gokins/engine/buildTaskc.go:211.4,212.14 2 0
github.com/gokins/gokins/engine/buildTaskc.go:212.14,214.5 1 0
github.com/gokins/gokins/engine/buildTaskc.go:214.10,216.5 1 0
github.com/gokins/gokins/engine/buildTaskc.go:218.3,219.17 2 1
github.com/gokins/gokins/engine/buildTaskc.go:219.17,220.135 1 0
github.com/gokins/gokins/engine/buildTaskc.go:220.135,222.5 1 0
github.com/gokins/gokins/engine/buildTaskc.go:223.4,223.55 1 0
github.com/gokins/gokins/engine/buildTaskc.go:226.2,226.12 1 0
github.com/gokins/gokins/engine/buildTaskc.go:228.69,236.2 3 1
github.com/gokins/gokins/engine/buildTaskc.go:237.78,239.25 2 1
github.com/gokins/gokins/engine/buildTaskc.go:239.25,240.26 1 1
github.com/gokins/gokins/engine/buildTaskc.go:241.15,242.28 1 1
github.com/gokins/gokins/engine/buildTaskc.go:243.14,244.27 1 1
github.com/gokins/gokins/engine/buildTaskc.go:244.27,246.5 1 1
github.com/gokins/gokins/engine/buildTaskc.go:247.20,248.27 1 1
github.com/gokins/gokins/engine/buildTaskc.go:248.27,249.28 1 1
github.com/gokins/gokins/engine/buildTaskc.go:250.17,251.29 1 1
github.com/gokins/gokins/engine/buildTaskc.go:252.16,253.28 1 1
github.com/gokins/gokins/engine/buildTaskc.go:253.28,255.7 1 1
github.com/gokins/gokins/engine/buildTaskc.go:258.23,259.27 1 1
github.com/gokins/gokins/engine/buildTaskc.go:259.27,260.28 1 1
github.com/gokins/gokins/engine/buildTaskc.go:261.17,262.29 1 1
github.com/gokins/gokins/engine/buildTaskc.go:263.16,264.28 1 1
github.com/gokins/gokins/engine/buildTaskc.go:264.28,266.7 1 1
github.com/gokins/gokins/engine/buildTaskc.go:271.2,271.12 1 1
github.com/gokins/gokins/engine/hbtpruner.go:19.42,20.36 1 0
github.com/gokins/gokins/engine/hbtpruner.go:20.36,25.70 5 0
github.com/gokins/gokins/engine/hbtpruner.go:25.70,28.4 2 0
github.com/gokins/gokins/engine/hbtpruner.go:29.3,30.20 2 0
github.com/gokins/gokins/engine/hbtpruner.go:30.20,34.4 3 0
github.com/gokins/gokins/engine/hbtpruner.go:35.3,36.17 2 0
github.com/gokins/gokins/engine/hbtpruner.go:36.17,39.4 2 0
github.com/gokins/gokins/engine/hbtpruner.go:40.3,46.14 3 0
github.com/gokins/gokins/engine/hbtpruner.go:49.47,51.16 2 0
github.com/gokins/gokins/engine/hbtpruner.go:51.16,54.3 2 0
github.com/gokins/gokins/engine/hbtpruner.go:55.2,55.38 1 0
github.com/gokins/gokins/engine/hbtpruner.go:57.67,59.16 2 0
github.com/gokins/gokins/engine/hbtpruner.go:59.16,62.3 2 0
github.com/gokins/gokins/engine/hbtpruner.go:63.2,63.38 1 0
github.com/gokins/gokins/engine/hbtpruner.go:65.48,68.2 2 0
github.com/gokins/gokins/engine/hbtpruner.go:69.69,71.16 2 0
github.com/gokins/gokins/engine/hbtpruner.go:71.16,74.3 2 0
github.com/gokins/gokins/engine/hbtpruner.go:75.2,75.41 1 0
github.com/gokins/gokins/engine/hbtpruner.go:77.46,83.16 6 0
github.com/gokins/gokins/engine/hbtpruner.go:83.16,86.3 2 0
github.com/gokins/gokins/engine/hbtpruner.go:87.2,88.16 2 0
github.com/gokins/gokins/engine/hbtpruner.go:88.16,91.3 2 0
github.com/gokins/gokins/engine/hbtpruner.go:92.2,92.41 1 0
github.com/gokins/gokins/engine/hbtpruner.go:94.48,101.16 7 0
github.com/gokins/gokins/engine/hbtpruner.go:101.16,104.3 2 0
github.com/gokins/gokins/engine/hbtpruner.go:105.2,105.41 1 0
github.com/gokins/gokins/engine/hbtpruner.go:107.46,112.9 5 0
github.com/gokins/gokins/engine/hbtpruner.go:112.9,115.3 2 0
github.com/gokins/gokins/engine/hbtpruner.go:116.2,116.40 1 0
github.com/gokins/gokins/engine/hbtpruner.go:118.44,122.16 4 0
github.com/gokins/gokins/engine/hbtpruner.go:122.16,125.3 2 0
github.com/gokins/gokins/engine/hbtpruner.go:126.2,127.16 2 0
github.com/gokins/gokins/engine/hbtpruner.go:127.16,130.3 2 0
github.com/gokins/gokins/engine/hbtpruner.go:131.2,131.38 1 0
github.com/gokins/gokins/engine/hbtpruner.go:133.45,138.16 5 0
github.com/gokins/gokins/engine/hbtpruner.go:138.16,141.3 2 0
github.com/gokins/gokins/engine/hbtpruner.go:142.2,143.16 2 0
github.com/gokins/gokins/engine/hbtpruner.go:143.16,146.3 2 0
github.com/gokins/gokins/engine/hbtpruner.go:147.2,147.15 1 0
github.com/gokins/gokins/engine/hbtpruner.go:147.15,147.34 1 0
github.com/gokins/gokins/engine/hbtpruner.go:148.2,150.33 3 0
github.com/gokins/gokins/engine/hbtpruner.go:150.33,152.13 2 0
github.com/gokins/gokins/engine/hbtpruner.go:152.13,153.9 1 0
github.com/gokins/gokins/engine/hbtpruner.go:155.3,155.21 1 0
github.com/gokins/gokins/engine/hbtpruner.go:155.21,156.9 1 0
github.com/gokins/gokins/engine/hbtpruner.go:158.3,159.17 2 0
github.com/gokins/gokins/engine/hbtpruner.go:159.17,160.9 1 0
github.com/gokins/gokins/engine/hbtpruner.go:164.43,169.9 5 0
github.com/gokins/gokins/engine/hbtpruner.go:169.9,172.3 2 0
github.com/gokins/gokins/engine/hbtpruner.go:173.2,173.40 1 0
github.com/gokins/gokins/engine/hbtpruner.go:175.61,179.16 4 0
github.com/gokins/gokins/engine/hbtpruner.go:179.16,182.3 2 0
github.com/gokins/gokins/engine/hbtpruner.go:183.2,183.41 1 0
github.com/gokins/gokins/engine/hbtpruner.go:185.45,191.16 6 0
github.com/gokins/gokins/engine/hbtpruner.go:191.16,194.3 2 0
github.com/gokins/gokins/engine/hbtpruner.go:195.2,196.16 2 0
github.com/gokins/gokins/engine/hbtpruner.go:196.16,199.3 2 0
github.com/gokins/gokins/engine/hbtpruner.go:200.2,200.39 1 0
github.com/gokins/gokins/engine/hbtpruner.go:202.47,209.16 7 0
github.com/gokins/gokins/engine/hbtpruner.go:209.16,212.3 2 0
github.com/gokins/gokins/engine/hbtpruner.go:213.2,214.16 2 0
github.com/gokins/gokins/engine/hbtpruner.go:214.16,217.3 2 0
github.com/gokins/gokins/engine/hbtpruner.go:218.2,218.15 1 0
github.com/gokins/gokins/engine/hbtpruner.go:218.15,218.34 1 0
github.com/gokins/gokins/engine/hbtpruner.go:219.2,222.33 3 0
github.com/gokins/gokins/engine/hbtpruner.go:222.33,224.13 2 0
github.com/gokins/gokins/engine/hbtpruner.go:224.13,225.9 1 0
github.com/gokins/gokins/engine/hbtpruner.go:227.3,227.21 1 0
github.com/gokins/gokins/engine/hbtpruner.go:227.21,228.9 1 0
github.com/gokins/gokins/engine/hbtpruner.go:230.3,231.17 2 0
github.com/gokins/gokins/engine/hbtpruner.go:231.17,232.9 1 0
github.com/gokins/gokins/engine/hbtpruner.go:236.53,241.16 5 0
github.com/gokins/gokins/engine/hbtpruner.go:241.16,244.3 2 0
github.com/gokins/gokins/engine/hbtpruner.go:245.2,245.40 1 0
github.com/gokins/gokins/engine/hbtpruner.go:247.52,252.16 5 0
github.com/gokins/gokins/engine/hbtpruner.go:252.16,255.3 2 0
github.com/gokins/gokins/engine/hbtpruner.go:256.2,256.40 1 0
github.com/gokins/gokins/engine/jobEgn.go:47.62,52.20 5 1
github.com/gokins/gokins/engine/jobEgn.go:52.20,54.3 1 1
github.com/gokins/gokins/engine/jobEgn.go:57.34,63.12 2 0
github.com/gokins/gokins/engine/jobEgn.go:63.12,65.34 2 0
github.com/gokins/gokins/engine/jobEgn.go:65.34,68.4 2 0
github.com/gokins/gokins/engine/jobEgn.go:70.2,70.10 1 0
github.com/gokins/gokins/engine/jobEgn.go:72.27,75.19 2 0
github.com/gokins/gokins/engine/jobEgn.go:75.19,77.3 1 0
github.com/gokins/gokins/engine/jobEgn.go:78.2,78.9 1 0
github.com/gokins/gokins/engine/jobEgn.go:78.9,81.29 3 0
github.com/gokins/gokins/engine/jobEgn.go:81.29,83.39 2 0
github.com/gokins/gokins/engine/jobEgn.go:83.39,84.39 1 0
github.com/gokins/gokins/engine/jobEgn.go:84.39,87.6 2 0
github.com/gokins/gokins/engine/jobEgn.go:89.4,89.15 1 0
github.com/gokins/gokins/engine/jobEgn.go:92.2,92.9 1 0
github.com/gokins/gokins/engine/jobEgn.go:92.9,95.28 3 0
github.com/gokins/gokins/engine/jobEgn.go:95.28,96.15 1 0
github.com/gokins/gokins/engine/jobEgn.go:96.15,98.5 1 0
github.com/gokins/gokins/engine/jobEgn.go:102.52,109.52 6 0
github.com/gokins/gokins/engine/jobEgn.go:109.52,112.3 2 0
github.com/gokins/gokins/engine/jobEgn.go:113.2,113.20 1 0
github.com/gokins/gokins/engine/jobEgn.go:115.45,116.39 1 1
github.com/gokins/gokins/engine/jobEgn.go:116.39,118.3 1 1
github.com/gokins/gokins/engine/jobEgn.go:119.2,122.9 4 1
github.com/gokins/gokins/engine/jobEgn.go:122.9,124.3 1 1
github.com/gokins/gokins/engine/jobEgn.go:125.2,128.12 4 1
github.com/gokins/gokins/engine/jobEgn.go:130.71,131.26 1 1
github.com/gokins/gokins/engine/jobEgn.go:131.26,132.14 1 1
github.com/gokins/gokins/engine/jobEgn.go:132.14,133.12 1 1
github.com/gokins/gokins/engine/jobEgn.go:135.3,138.10 4 1
github.com/gokins/gokins/engine/jobEgn.go:138.10,147.4 4 1
github.com/gokins/gokins/engine/jobEgn.go:148.3,152.15 5 1
github.com/gokins/gokins/engine/jobEgn.go:152.15,158.4 5 0
github.com/gokins/gokins/engine/jobEgn.go:159.3,160.17 2 1
github.com/gokins/gokins/engine/jobEgn.go:160.17,162.4 1 0
github.com/gokins/gokins/engine/jobEgn.go:164.2,164.12 1 1
github.com/gokins/gokins/engine/jobEgn.go:167.40,171.28 4 1
github.com/gokins/gokins/engine/jobEgn.go:171.28,173.3 1 1
github.com/gokins/gokins/engine/jobEgn.go:174.2,174.12 1 1
github.com/gokins/gokins/engine/mgr.go:25.20,39.12 8 0
github.com/gokins/gokins/engine/mgr.go:39.12,42.17 3 0
github.com/gokins/gokins/engine/mgr.go:42.17,44.4 1 0
github.com/gokins/gokins/engine/mgr.go:47.2,47.12 1 0
github.com/gokins/gokins/engine/mgr.go:47.12,53.26 5 0
github.com/gokins/gokins/engine/mgr.go:53.26,55.4 1 0
github.com/gokins/gokins/engine/mgr.go:57.2,57.12 1 0
github.com/gokins/gokins/engine/mgr.go:60.43,62.2 1 0
github.com/gokins/gokins/engine/mgr.go:63.38,65.2 1 0
github.com/gokins/gokins/engine/mgr.go:67.43,69.2 1 0
github.com/gokins/gokins/engine/mgr.go:71.38,72.21 1 0
github.com/gokins/gokins/engine/mgr.go:72.21,74.3 1 0
github.com/gokins/gokins/engine/mgr.go:75.2,75.27 1 0
github.com/gokins/gokins/engine/runner.go:26.64,31.2 1 1
github.com/gokins/gokins/engine/runner.go:33.84,35.36 2 0
github.com/gokins/gokins/engine/runner.go:35.36,37.15 2 0
github.com/gokins/gokins/engine/runner.go:37.15,39.4 1 0
github.com/gokins/gokins/engine/runner.go:40.3,40.37 1 0
github.com/gokins/gokins/engine/runner.go:42.2,42.112 1 0
github.com/gokins/gokins/engine/runner.go:44.55,46.9 2 0
github.com/gokins/gokins/engine/runner.go:46.9,48.3 1 0
github.com/gokins/gokins/engine/runner.go:49.2,49.18 1 0
github.com/gokins/gokins/engine/runner.go:51.61,53.9 2 0
github.com/gokins/gokins/engine/runner.go:53.9,55.3 1 0
github.com/gokins/gokins/engine/runner.go:56.2,57.9 2 0
github.com/gokins/gokins/engine/runner.go:57.9,59.3 1 0
github.com/gokins/gokins/engine/runner.go:60.2,61.12 2 0
github.com/gokins/gokins/engine/runner.go:64.82,66.9 2 0
github.com/gokins/gokins/engine/runner.go:66.9,68.3 1 0
github.com/gokins/gokins/engine/runner.go:69.2,70.9 2 0
github.com/gokins/gokins/engine/runner.go:70.9,72.3 1 0
github.com/gokins/gokins/engine/runner.go:73.2,76.9 4 0
github.com/gokins/gokins/engine/runner.go:76.9,78.3 1 0
github.com/gokins/gokins/engine/runner.go:79.2,80.12 2 0
github.com/gokins/gokins/engine/runner.go:82.86,84.9 2 0
github.com/gokins/gokins/engine/runner.go:84.9,86.3 1 0
github.com/gokins/gokins/engine/runner.go:87.2,88.9 2 0
github.com/gokins/gokins/engine/runner.go:88.9,90.3 1 0
github.com/gokins/gokins/engine/runner.go:92.2,98.16 2 0
github.com/gokins/gokins/engine/runner.go:98.16,100.3 1 0
github.com/gokins/gokins/engine/runner.go:102.2,104.46 3 0
github.com/gokins/gokins/engine/runner.go:104.46,106.3 1 0
github.com/gokins/gokins/engine/runner.go:107.2,108.16 2 0
github.com/gokins/gokins/engine/runner.go:108.16,110.3 1 0
github.com/gokins/gokins/engine/runner.go:111.2,111.15 1 0
github.com/gokins/gokins/engine/runner.go:111.15,111.36 1 0
github.com/gokins/gokins/engine/runner.go:112.2,112.44 1 0
github.com/gokins/gokins/engine/runner.go:112.44,114.3 1 0
github.com/gokins/gokins/engine/runner.go:115.2,115.51 1 0
github.com/gokins/gokins/engine/runner.go:115.51,117.3 1 0
github.com/gokins/gokins/engine/runner.go:118.2,118.12 1 0
github.com/gokins/gokins/engine/runner.go:120.77,121.49 1 1
github.com/gokins/gokins/engine/runner.go:121.49,123.3 1 1
github.com/gokins/gokins/engine/runner.go:124.2,125.9 2 0
github.com/gokins/gokins/engine/runner.go:125.9,127.3 1 0
github.com/gokins/gokins/engine/runner.go:128.2,131.9 4 0
github.com/gokins/gokins/engine/runner.go:131.9,133.3 1 0
github.com/gokins/gokins/engine/runner.go:134.2,136.29 3 0
github.com/gokins/gokins/engine/runner.go:136.29,137.27 1 0
github.com/gokins/gokins/engine/runner.go:137.27,139.4 1 0
github.com/gokins/gokins/engine/runner.go:141.2,141.18 1 0
github.com/gokins/gokins/engine/runner.go:144.95,145.32 1 1
github.com/gokins/gokins/engine/runner.go:145.32,147.3 1 1
github.com/gokins/gokins/engine/runner.go:148.2,149.9 2 0
github.com/gokins/gokins/engine/runner.go:149.9,151.3 1 0
github.com/gokins/gokins/engine/runner.go:152.2,153.12 2 0
github.com/gokins/gokins/engine/runner.go:154.9,155.45 1 0
github.com/gokins/gokins/engine/runner.go:156.9,157.65 1 0
github.com/gokins/gokins/engine/runner.go:158.9,159.62 1 0
github.com/gokins/gokins/engine/runner.go:161.2,162.16 2 0
github.com/gokins/gokins/engine/runner.go:162.16,163.27 1 0
github.com/gokins/gokins/engine/runner.go:163.27,165.4 1 0
github.com/gokins/gokins/engine/runner.go:166.3,166.55 1 0
github.com/gokins/gokins/engine/runner.go:168.2,169.24 2 0
github.com/gokins/gokins/engine/runner.go:169.24,175.17 3 0
github.com/gokins/gokins/engine/runner.go:175.17,177.4 1 0
github.com/gokins/gokins/engine/runner.go:178.3,178.21 1 0
github.com/gokins/gokins/engine/runner.go:180.2,180.16 1 0
github.com/gokins/gokins/engine/runner.go:182.110,183.32 1 1
github.com/gokins/gokins/engine/runner.go:183.32,185.3 1 1
github.com/gokins/gokins/engine/runner.go:186.2,187.9 2 0
github.com/gokins/gokins/engine/runner.go:187.9,189.3 1 0
github.com/gokins/gokins/engine/runner.go:190.2,191.12 2 0
github.com/gokins/gokins/engine/runner.go:192.9,193.45 1 0
github.com/gokins/gokins/engine/runner.go:194.9,195.65 1 0
github.com/gokins/gokins/engine/runner.go:196.9,197.62 1 0
github.com/gokins/gokins/engine/runner.go:199.2,199.16 1 0
github.com/gokins/gokins/engine/runner.go:199.16,201.3 1 0
github.com/gokins/gokins/engine/runner.go:202.2,203.16 2 0
github.com/gokins/gokins/engine/runner.go:203.16,205.3 1 0
github.com/gokins/gokins/engine/runner.go:206.2,207.16 2 0
github.com/gokins/gokins/engine/runner.go:207.16,209.3 1 0
github.com/gokins/gokins/engine/runner.go:210.2,210.15 1 0
github.com/gokins/gokins/engine/runner.go:210.15,211.57 1 0
github.com/gokins/gokins/engine/runner.go:211.57,213.4 1 0
github.com/gokins/gokins/engine/runner.go:215.2,215.29 1 0
github.com/gokins/gokins/engine/runner.go:218.72,219.30 1 1
github.com/gokins/gokins/engine/runner.go:219.30,221.3 1 1
github.com/gokins/gokins/engine/runner.go:222.2,223.9 2 0
github.com/gokins/gokins/engine/runner.go:223.9,225.3 1 0
github.com/gokins/gokins/engine/runner.go:226.2,227.9 2 0
github.com/gokins/gokins/engine/runner.go:227.9,229.3 1 0
github.com/gokins/gokins/engine/runner.go:230.2,232.16 3 0
github.com/gokins/gokins/engine/runner.go:232.16,234.3 1 0
github.com/gokins/gokins/engine/runner.go:235.2,237.9 3 0
github.com/gokins/gokins/engine/runner.go:237.9,239.3 1 0
github.com/gokins/gokins/engine/runner.go:240.2,240.31 1 0
github.com/gokins/gokins/engine/runner.go:240.31,242.3 1 0
github.com/gokins/gokins/engine/runner.go:243.2,243.35 1 0
github.com/gokins/gokins/engine/runner.go:245.76,246.31 1 1
github.com/gokins/gokins/engine/runner.go:246.31,248.3 1 1
github.com/gokins/gokins/engine/runner.go:249.2,250.9 2 0
github.com/gokins/gokins/engine/runner.go:250.9,252.3 1 0
github.com/gokins/gokins/engine/runner.go:253.2,254.9 2 0
github.com/gokins/gokins/engine/runner.go:254.9,256.3 1 0
github.com/gokins/gokins/engine/runner.go:257.2,258.16 2 0
github.com/gokins/gokins/engine/runner.go:258.16,260.3 1 0
github.com/gokins/gokins/engine/runner.go:261.2,263.16 3 0
github.com/gokins/gokins/engine/runner.go:263.16,265.3 1 0
github.com/gokins/gokins/engine/runner.go:266.2,266.12 1 0
github.com/gokins/gokins/engine/runner.go:269.106,270.30 1 1
github.com/gokins/gokins/engine/runner.go:270.30,272.3 1 1
github.com/gokins/gokins/engine/runner.go:273.2,274.9 2 0
github.com/gokins/gokins/engine/runner.go:274.9,276.3 1 0
github.com/gokins/gokins/engine/runner.go:277.2,278.9 2 0
github.com/gokins/gokins/engine/runner.go:278.9,280.3 1 0
github.com/gokins/gokins/engine/runner.go:281.2,282.12 2 0
github.com/gokins/gokins/engine/runner.go:283.9,284.70 1 0
github.com/gokins/gokins/engine/runner.go:285.9,286.100 1 0
github.com/gokins/gokins/engine/runner.go:287.9,288.50 1 0
github.com/gokins/gokins/engine/runner.go:290.2,290.16 1 0
github.com/gokins/gokins/engine/runner.go:290.16,292.3 1 0
github.com/gokins/gokins/engine/runner.go:293.2,294.16 2 0
github.com/gokins/gokins/engine/runner.go:294.16,296.3 1 0
github.com/gokins/gokins/engine/runner.go:297.2,301.8 1 0
github.com/gokins/gokins/engine/runner.go:303.118,304.30 1 1
github.com/gokins/gokins/engine/runner.go:304.30,306.3 1 1
github.com/gokins/gokins/engine/runner.go:307.2,308.9 2 0
github.com/gokins/gokins/engine/runner.go:308.9,310.3 1 0
github.com/gokins/gokins/engine/runner.go:311.2,312.9 2 0
github.com/gokins/gokins/engine/runner.go:312.9,314.3 1 0
github.com/gokins/gokins/engine/runner.go:315.2,316.12 2 0
github.com/gokins/gokins/engine/runner.go:317.9,318.70 1 0
github.com/gokins/gokins/engine/runner.go:319.9,320.100 1 0
github.com/gokins/gokins/engine/runner.go:321.9,322.50 1 0
github.com/gokins/gokins/engine/runner.go:324.2,324.16 1 0
github.com/gokins/gokins/engine/runner.go:324.16,326.3 1 0
github.com/gokins/gokins/engine/runner.go:327.2,328.48 2 0
github.com/gokins/gokins/engine/runner.go:328.48,330.3 1 0
github.com/gokins/gokins/engine/runner.go:331.2,332.16 2 0
github.com/gokins/gokins/engine/runner.go:332.16,334.3 1 0
github.com/gokins/gokins/engine/runner.go:335.2,335.15 1 0
github.com/gokins/gokins/engine/runner.go:335.15,336.57 1 0
github.com/gokins/gokins/engine/runner.go:336.57,339.4 2 0
github.com/gokins/gokins/engine/runner.go:341.2,341.16 1 0
github.com/gokins/gokins/engine/runner.go:346.91,348.2 1 1
github.com/gokins/gokins/engine/runner.go:351.115,355.19 4 1
github.com/gokins/gokins/engine/runner.go:355.19,357.3 1 1
github.com/gokins/gokins/engine/runner.go:358.2,358.47 1 1
github.com/gokins/gokins/engine/runner.go:358.47,360.3 1 1
github.com/gokins/gokins/engine/runner.go:361.2,362.9 2 1
github.com/gokins/gokins/engine/runner.go:362.9,364.3 1 1
github.com/gokins/gokins/engine/runner.go:366.2,370.16 4 0
github.com/gokins/gokins/engine/runner.go:370.16,372.3 1 0
github.com/gokins/gokins/engine/runner.go:372.8,372.16 1 0
github.com/gokins/gokins/engine/runner.go:372.16,374.3 1 0
github.com/gokins/gokins/engine/runner.go:376.2,378.9 3 0
github.com/gokins/gokins/engine/runner.go:378.9,380.3 1 0
github.com/gokins/gokins/engine/runner.go:381.2,383.9 3 0
github.com/gokins/gokins/engine/runner.go:383.9,385.3 1 0
github.com/gokins/gokins/engine/runner.go:386.2,387.21 2 0
github.com/gokins/gokins/engine/runner.go:387.21,389.3 1 0
github.com/gokins/gokins/engine/runner.go:391.2,393.16 3 0
github.com/gokins/gokins/engine/runner.go:393.16,395.3 1 0
github.com/gokins/gokins/engine/runner.go:395.8,395.16 1 0
github.com/gokins/gokins/engine/runner.go:395.16,397.3 1 0
github.com/gokins/gokins/engine/runner.go:398.2,400.16 3 0
github.com/gokins/gokins/engine/runner.go:400.16,402.3 1 0
github.com/gokins/gokins/engine/runner.go:403.2,404.16 2 0
github.com/gokins/gokins/engine/runner.go:404.16,406.3 1 0
github.com/gokins/gokins/engine/runner.go:406.8,406.16 1 0
github.com/gokins/gokins/engine/runner.go:406.16,408.3 1 0
github.com/gokins/gokins/engine/runner.go:409.2,409.21 1 0
github.com/gokins/gokins/engine/runner.go:414.89,416.2 1 1
github.com/gokins/gokins/engine/runner.go:419.113,421.47 2 1
github.com/gokins/gokins/engine/runner.go:421.47,423.3 1 1
github.com/gokins/gokins/engine/runner.go:424.2,425.9 2 1
github.com/gokins/gokins/engine/runner.go:425.9,427.3 1 1
github.com/gokins/gokins/engine/runner.go:429.2,433.16 4 0
github.com/gokins/gokins/engine/runner.go:433.16,435.3 1 0
github.com/gokins/gokins/engine/runner.go:435.8,435.16 1 0
github.com/gokins/gokins/engine/runner.go:435.16,437.3 1 0
github.com/gokins/gokins/engine/runner.go:438.2,438.24 1 0
github.com/gokins/gokins/engine/runner.go:438.24,440.3 1 0
github.com/gokins/gokins/engine/runner.go:442.2,444.16 3 0
github.com/gokins/gokins/engine/runner.go:444.16,446.3 1 0
github.com/gokins/gokins/engine/runner.go:447.2,447.9 1 0
github.com/gokins/gokins/engine/runner.go:447.9,454.17 7 0
github.com/gokins/gokins/engine/runner.go:454.17,456.4 1 0
github.com/gokins/gokins/engine/runner.go:458.2,469.16 4 0
github.com/gokins/gokins/engine/runner.go:469.16,471.3 1 0
github.com/gokins/gokins/engine/runner.go:472.2,472.21 1 0
github.com/gokins/gokins/engine/timermgr.go:29.38,33.12 2 0
github.com/gokins/gokins/engine/timermgr.go:33.12,36.34 3 0
github.com/gokins/gokins/engine/timermgr.go:36.34,39.4 2 0
github.com/gokins/gokins/engine/timermgr.go:41.2,41.10 1 0
github.com/gokins/gokins/engine/timermgr.go:43.29,48.28 4 0
github.com/gokins/gokins/engine/timermgr.go:48.28,50.3 1 0
github.com/gokins/gokins/engine/timermgr.go:52.46,54.28 2 0
github.com/gokins/gokins/engine/timermgr.go:54.28,57.16 3 0
github.com/gokins/gokins/engine/timermgr.go:58.10,59.23 1 0
github.com/gokins/gokins/engine/timermgr.go:59.23,62.5 2 0
github.com/gokins/gokins/engine/timermgr.go:63.4,63.37 1 0
github.com/gokins/gokins/engine/timermgr.go:64.10,65.33 1 0
github.com/gokins/gokins/engine/timermgr.go:66.10,67.31 1 0
github.com/gokins/gokins/engine/timermgr.go:68.10,69.36 1 0
github.com/gokins/gokins/engine/timermgr.go:70.10,71.40 1 0
github.com/gokins/gokins/engine/timermgr.go:72.10,73.41 1 0
github.com/gokins/gokins/engine/timermgr.go:76.3,77.17 2 0
github.com/gokins/gokins/engine/timermgr.go:77.17,79.4 1 0
github.com/gokins/gokins/engine/timermgr.go:79.9,81.4 1 0
github.com/gokins/gokins/engine/timermgr.go:85.33,88.101 3 0
github.com/gokins/gokins/engine/timermgr.go:88.101,91.3 2 0
github.com/gokins/gokins/engine/timermgr.go:93.2,93.23 1 0
github.com/gokins/gokins/engine/timermgr.go:93.23,95.17 2 0
github.com/gokins/gokins/engine/timermgr.go:95.17,97.4 1 0
github.com/gokins/gokins/engine/timermgr.go:100.67,102.26 2 1
github.com/gokins/gokins/engine/timermgr.go:102.26,104.3 1 1
github.com/gokins/gokins/engine/timermgr.go:105.2,107.16 3 1
github.com/gokins/gokins/engine/timermgr.go:107.16,109.3 1 1
github.com/gokins/gokins/engine/timermgr.go:110.2,111.16 2 1
github.com/gokins/gokins/engine/timermgr.go:111.16,113.3 1 0
github.com/gokins/gokins/engine/timermgr.go:114.2,116.16 3 1
github.com/gokins/gokins/engine/timermgr.go:116.16,118.3 1 0
github.com/gokins/gokins/engine/timermgr.go:119.2,121.13 3 1
github.com/gokins/gokins/engine/timermgr.go:122.9,123.26 1 1
github.com/gokins/gokins/engine/timermgr.go:123.26,125.11 2 1
github.com/gokins/gokins/engine/timermgr.go:125.11,130.5 2 1
github.com/gokins/gokins/engine/timermgr.go:131.4,134.126 4 1
github.com/gokins/gokins/engine/timermgr.go:136.21,139.10 3 1
github.com/gokins/gokins/engine/timermgr.go:139.10,144.4 2 1
github.com/gokins/gokins/engine/timermgr.go:145.3,147.14 3 1
github.com/gokins/gokins/engine/timermgr.go:148.10,150.30 2 1
github.com/gokins/gokins/engine/timermgr.go:150.30,152.5 1 1
github.com/gokins/gokins/engine/timermgr.go:153.10,155.30 2 1
github.com/gokins/gokins/engine/timermgr.go:155.30,157.5 1 1
github.com/gokins/gokins/engine/timermgr.go:158.10,160.30 2 0
github.com/gokins/gokins/engine/timermgr.go:160.30,162.5 1 0
github.com/gokins/gokins/engine/timermgr.go:163.10,165.30 2 0
github.com/gokins/gokins/engine/timermgr.go:165.30,167.5 1 0
github.com/gokins/gokins/engine/timermgr.go:168.10,170.30 2 0
github.com/gokins/gokins/engine/timermgr.go:170.30,172.5 1 0
github.com/gokins/gokins/engine/timermgr.go:174.3,174.125 1 1
github.com/gokins/gokins/engine/timermgr.go:176.2,176.12 1 1
github.com/gokins/gokins/engine/timermgr.go:178.51,179.17 1 1
github.com/gokins/gokins/engine/timermgr.go:179.17,181.3 1 1
github.com/gokins/gokins/engine/timermgr.go:182.2,184.16 3 0
github.com/gokins/gokins/engine/timermgr.go:184.16,186.3 1 0
github.com/gokins/gokins/engine/timermgr.go:187.2,187.29 1 0
github.com/gokins/gokins/engine/timermgr.go:187.29,190.3 2 0
github.com/gokins/gokins/engine/timermgr.go:191.2,191.24 1 0
github.com/gokins/gokins/engine/timermgr.go:193.44,197.2 3 1
